ARM GAS  /tmp/ccUUAAAq.s 			page 1


   1              		.cpu cortex-m3
   2              		.arch armv7-m
   3              		.fpu softvfp
   4              		.eabi_attribute 20, 1
   5              		.eabi_attribute 21, 1
   6              		.eabi_attribute 23, 3
   7              		.eabi_attribute 24, 1
   8              		.eabi_attribute 25, 1
   9              		.eabi_attribute 26, 1
  10              		.eabi_attribute 30, 6
  11              		.eabi_attribute 34, 1
  12              		.eabi_attribute 18, 4
  13              		.file	"delay_class.c"
  14              		.text
  15              	.Ltext0:
  16              		.cfi_sections	.debug_frame
  17              		.section	.rodata.OFFSET_TAB_CCMRx,"a"
  18              		.align	2
  21              	OFFSET_TAB_CCMRx:
  22 0000 00000000 		.ascii	"\000\000\000\000\004\004\004"
  22      040404
  23              		.section	.rodata.SHIFT_TAB_OCxx,"a"
  24              		.align	2
  27              	SHIFT_TAB_OCxx:
  28 0000 00000800 		.ascii	"\000\000\010\000\000\000\010"
  28      000008
  29              		.section	.rodata.SHIFT_TAB_ICxx,"a"
  30              		.align	2
  33              	SHIFT_TAB_ICxx:
  34 0000 00000800 		.ascii	"\000\000\010\000\000\000\010"
  34      000008
  35              		.section	.rodata.SHIFT_TAB_CCxP,"a"
  36              		.align	2
  39              	SHIFT_TAB_CCxP:
  40 0000 00020406 		.ascii	"\000\002\004\006\010\012\014"
  40      080A0C
  41              		.section	.rodata.SHIFT_TAB_OISx,"a"
  42              		.align	2
  45              	SHIFT_TAB_OISx:
  46 0000 00010203 		.ascii	"\000\001\002\003\004\005\006"
  46      040506
  47              		.text
  48              	.Letext0:
  49              		.file 1 "/usr/local/gcc-arm-none-eabi-10.3-2021.10/arm-none-eabi/include/machine/_default_types.h"
  50              		.file 2 "/usr/local/gcc-arm-none-eabi-10.3-2021.10/arm-none-eabi/include/sys/_stdint.h"
  51              		.file 3 "Drivers/STM32F1xx_HAL_Driver/Inc/stm32f1xx_ll_tim.h"
ARM GAS  /tmp/ccUUAAAq.s 			page 2


DEFINED SYMBOLS
                            *ABS*:0000000000000000 delay_class.c
     /tmp/ccUUAAAq.s:18     .rodata.OFFSET_TAB_CCMRx:0000000000000000 $d
     /tmp/ccUUAAAq.s:21     .rodata.OFFSET_TAB_CCMRx:0000000000000000 OFFSET_TAB_CCMRx
     /tmp/ccUUAAAq.s:24     .rodata.SHIFT_TAB_OCxx:0000000000000000 $d
     /tmp/ccUUAAAq.s:27     .rodata.SHIFT_TAB_OCxx:0000000000000000 SHIFT_TAB_OCxx
     /tmp/ccUUAAAq.s:30     .rodata.SHIFT_TAB_ICxx:0000000000000000 $d
     /tmp/ccUUAAAq.s:33     .rodata.SHIFT_TAB_ICxx:0000000000000000 SHIFT_TAB_ICxx
     /tmp/ccUUAAAq.s:36     .rodata.SHIFT_TAB_CCxP:0000000000000000 $d
     /tmp/ccUUAAAq.s:39     .rodata.SHIFT_TAB_CCxP:0000000000000000 SHIFT_TAB_CCxP
     /tmp/ccUUAAAq.s:42     .rodata.SHIFT_TAB_OISx:0000000000000000 $d
     /tmp/ccUUAAAq.s:45     .rodata.SHIFT_TAB_OISx:0000000000000000 SHIFT_TAB_OISx

NO UNDEFINED SYMBOLS
